<?xml version="1.0" encoding="UTF-8"?>
<!-- Generated by org.testng.reporters.JUnitXMLReporter -->
<testsuite ignored="0" hostname="DESKTOP-2GKR4O7" failures="0" tests="5" name="Run on Chrome" time="24.793" errors="0" timestamp="08 May 2023 03:22:52 GMT">
  <testcase classname="testcases.user.TestCase03_MyAccount" name="User_01_My_Account_Update_Customer" time="4.169"/>
  <testcase classname="testcases.user.TestCase03_MyAccount" name="User_02_My_Account_Addresses" time="4.687"/>
  <testcase classname="testcases.user.TestCase03_MyAccount" name="User_03_My_Account_Change_Password" time="4.934"/>
  <testcase classname="testcases.user.TestCase03_MyAccount" name="User_04_Login_Blank_Password" time="0.003"/>
  <testcase classname="testcases.user.TestCase03_MyAccount" name="User_05_Login_Invalid_Password" time="0.004"/>
</testsuite> <!-- Run on Chrome -->
