<?xml version="1.0" encoding="UTF-8"?>
<!-- Generated by org.testng.reporters.JUnitXMLReporter -->
<testsuite ignored="0" hostname="DESKTOP-2GKR4O7" failures="0" tests="6" name="Run on Chrome" time="13.466" errors="0" timestamp="19 Apr 2023 09:55:08 GMT">
  <testcase classname="testcases.user.TestCase01_Register" name="User_01_Register_Empty" time="1.631"/>
  <testcase classname="testcases.user.TestCase01_Register" name="User_02_Register_Wrong_Email" time="0.238"/>
  <testcase classname="testcases.user.TestCase01_Register" name="User_03_Register_Success" time="1.918"/>
  <testcase classname="testcases.user.TestCase01_Register" name="User_04_Register_Existing_Email" time="1.625"/>
  <testcase classname="testcases.user.TestCase01_Register" name="User_05_Register_Invalid_Password" time="0.278"/>
  <testcase classname="testcases.user.TestCase01_Register" name="User_06_Register_Confirm_Password_Not_Match" time="0.13"/>
</testsuite> <!-- Run on Chrome -->
