<?xml version="1.0" encoding="UTF-8"?>
<testng-results ignored="0" total="5" passed="5" failed="0" skipped="0">
  <reporter-output>
  </reporter-output>
  <suite started-at="2023-05-08T03:22:27Z" name="NopCommerce" finished-at="2023-05-08T03:22:52Z" duration-ms="24793">
    <groups>
    </groups>
    <test started-at="2023-05-08T03:22:27Z" name="Run on Chrome" finished-at="2023-05-08T03:22:52Z" duration-ms="24793">
      <class name="testcases.user.TestCase03_MyAccount">
        <test-method is-config="true" signature="beforeClass(java.lang.String, java.lang.String)[pri:0, instance:testcases.user.TestCase03_MyAccount@4a55a6e8]" started-at="2023-05-08T03:22:27Z" name="beforeClass" finished-at="2023-05-08T03:22:37Z" duration-ms="10509" status="PASS">
          <params>
            <param index="0">
              <value>
                <![CDATA[chrome]]>
              </value>
            </param>
            <param index="1">
              <value>
                <![CDATA[dev]]>
              </value>
            </param>
          </params>
          <reporter-output>
          </reporter-output>
        </test-method> <!-- beforeClass -->
        <test-method signature="User_01_My_Account_Update_Customer()[pri:0, instance:testcases.user.TestCase03_MyAccount@4a55a6e8]" started-at="2023-05-08T03:22:37Z" name="User_01_My_Account_Update_Customer" finished-at="2023-05-08T03:22:42Z" duration-ms="4169" status="PASS">
          <reporter-output>
          </reporter-output>
        </test-method> <!-- User_01_My_Account_Update_Customer -->
        <test-method signature="User_02_My_Account_Addresses()[pri:0, instance:testcases.user.TestCase03_MyAccount@4a55a6e8]" started-at="2023-05-08T03:22:42Z" name="User_02_My_Account_Addresses" finished-at="2023-05-08T03:22:47Z" duration-ms="4687" status="PASS">
          <reporter-output>
          </reporter-output>
        </test-method> <!-- User_02_My_Account_Addresses -->
        <test-method signature="User_03_My_Account_Change_Password()[pri:0, instance:testcases.user.TestCase03_MyAccount@4a55a6e8]" started-at="2023-05-08T03:22:47Z" name="User_03_My_Account_Change_Password" finished-at="2023-05-08T03:22:52Z" duration-ms="4934" status="PASS">
          <reporter-output>
          </reporter-output>
        </test-method> <!-- User_03_My_Account_Change_Password -->
        <test-method signature="User_04_Login_Blank_Password()[pri:0, instance:testcases.user.TestCase03_MyAccount@4a55a6e8]" started-at="2023-05-08T03:22:52Z" name="User_04_Login_Blank_Password" finished-at="2023-05-08T03:22:52Z" duration-ms="3" status="PASS">
          <reporter-output>
          </reporter-output>
        </test-method> <!-- User_04_Login_Blank_Password -->
        <test-method signature="User_05_Login_Invalid_Password()[pri:0, instance:testcases.user.TestCase03_MyAccount@4a55a6e8]" started-at="2023-05-08T03:22:52Z" name="User_05_Login_Invalid_Password" finished-at="2023-05-08T03:22:52Z" duration-ms="4" status="PASS">
          <reporter-output>
          </reporter-output>
        </test-method> <!-- User_05_Login_Invalid_Password -->
        <test-method is-config="true" signature="afterClass()[pri:0, instance:testcases.user.TestCase03_MyAccount@4a55a6e8]" started-at="2023-05-08T03:22:52Z" name="afterClass" finished-at="2023-05-08T03:22:52Z" duration-ms="2" status="PASS">
          <reporter-output>
          </reporter-output>
        </test-method> <!-- afterClass -->
      </class> <!-- testcases.user.TestCase03_MyAccount -->
    </test> <!-- Run on Chrome -->
  </suite> <!-- NopCommerce -->
</testng-results>
