<?xml version="1.0" encoding="UTF-8"?>
<testng-results ignored="0" total="6" passed="6" failed="0" skipped="0">
  <reporter-output>
  </reporter-output>
  <suite started-at="2023-04-20T01:47:30Z" name="NopCommerce" finished-at="2023-04-20T01:47:43Z" duration-ms="12979">
    <groups>
    </groups>
    <test started-at="2023-04-20T01:47:30Z" name="Run on Chrome" finished-at="2023-04-20T01:47:43Z" duration-ms="12979">
      <class name="testcases.user.TestCase02_Login">
        <test-method is-config="true" signature="beforeClass(java.lang.String, java.lang.String)[pri:0, instance:testcases.user.TestCase02_Login@7ca0863b]" started-at="2023-04-20T01:47:30Z" name="beforeClass" finished-at="2023-04-20T01:47:38Z" duration-ms="8459" status="PASS">
          <params>
            <param index="0">
              <value>
                <![CDATA[chrome]]>
              </value>
            </param>
            <param index="1">
              <value>
                <![CDATA[dev]]>
              </value>
            </param>
          </params>
          <reporter-output>
          </reporter-output>
        </test-method> <!-- beforeClass -->
        <test-method signature="User_01_Login_Empty()[pri:0, instance:testcases.user.TestCase02_Login@7ca0863b]" started-at="2023-04-20T01:47:38Z" name="User_01_Login_Empty" finished-at="2023-04-20T01:47:39Z" duration-ms="676" status="PASS">
          <reporter-output>
          </reporter-output>
        </test-method> <!-- User_01_Login_Empty -->
        <test-method signature="User_02_Login_Invalid_Email()[pri:0, instance:testcases.user.TestCase02_Login@7ca0863b]" started-at="2023-04-20T01:47:39Z" name="User_02_Login_Invalid_Email" finished-at="2023-04-20T01:47:39Z" duration-ms="253" status="PASS">
          <reporter-output>
          </reporter-output>
        </test-method> <!-- User_02_Login_Invalid_Email -->
        <test-method signature="User_03_Login_Invalid_Email()[pri:0, instance:testcases.user.TestCase02_Login@7ca0863b]" started-at="2023-04-20T01:47:39Z" name="User_03_Login_Invalid_Email" finished-at="2023-04-20T01:47:40Z" duration-ms="167" status="PASS">
          <reporter-output>
          </reporter-output>
        </test-method> <!-- User_03_Login_Invalid_Email -->
        <test-method signature="User_04_Login_Blank_Password()[pri:0, instance:testcases.user.TestCase02_Login@7ca0863b]" started-at="2023-04-20T01:47:40Z" name="User_04_Login_Blank_Password" finished-at="2023-04-20T01:47:40Z" duration-ms="643" status="PASS">
          <reporter-output>
          </reporter-output>
        </test-method> <!-- User_04_Login_Blank_Password -->
        <test-method signature="User_05_Login_Invalid_Password()[pri:0, instance:testcases.user.TestCase02_Login@7ca0863b]" started-at="2023-04-20T01:47:40Z" name="User_05_Login_Invalid_Password" finished-at="2023-04-20T01:47:41Z" duration-ms="769" status="PASS">
          <reporter-output>
          </reporter-output>
        </test-method> <!-- User_05_Login_Invalid_Password -->
        <test-method signature="User_06_Login_Not_Registered_Email()[pri:0, instance:testcases.user.TestCase02_Login@7ca0863b]" started-at="2023-04-20T01:47:41Z" name="User_06_Login_Not_Registered_Email" finished-at="2023-04-20T01:47:43Z" duration-ms="1489" status="PASS">
          <reporter-output>
          </reporter-output>
        </test-method> <!-- User_06_Login_Not_Registered_Email -->
      </class> <!-- testcases.user.TestCase02_Login -->
    </test> <!-- Run on Chrome -->
  </suite> <!-- NopCommerce -->
</testng-results>
